#! /usr/share/iverilog-0.9.7/bin/vvp
:ivl_version "0.9.7 " "(v0_9_6)";
:vpi_time_precision + 0;
:vpi_module "system";
:vpi_module "v2005_math";
:vpi_module "va_math";
S_0xc16ad0 .scope module, "test_am2940" "test_am2940" 2 4;
 .timescale 0 0;
v0xc961b0_0 .net "addresst", 7 0, v0xc92d60_0; 1 drivers
v0xc962c0_0 .var "cinat", 0 0;
v0xc96340_0 .var "cinwt", 0 0;
v0xc963c0_0 .var "clkt", 0 0;
v0xc96440_0 .net "conat", 0 0, L_0xc973b0; 1 drivers
v0xc96510_0 .net "conwt", 0 0, L_0xc97e90; 1 drivers
v0xc965e0_0 .var "dataint", 7 0;
v0xc96660_0 .net "dataoutt", 7 0, v0xc93290_0; 1 drivers
v0xc96780_0 .net "donet", 0 0, v0xc90a00_0; 1 drivers
v0xc96850_0 .var "instrt", 2 0;
v0xc968d0_0 .net "oedatat", 0 0, v0xc8ffb0_0; 1 drivers
S_0xc95fc0 .scope task, "stimuli_am2940" "stimuli_am2940" 2 27, 2 27, S_0xc16ad0;
 .timescale 0 0;
v0xc95d30_0 .var "cina", 0 0;
v0xc960b0_0 .var "cinw", 0 0;
v0xc96130_0 .var "instr", 2 0;
TD_test_am2940.stimuli_am2940 ;
    %load/v 8, v0xc96130_0, 3;
    %set/v v0xc96850_0, 8, 3;
    %load/v 8, v0xc95d30_0, 1;
    %set/v v0xc962c0_0, 8, 1;
    %load/v 8, v0xc960b0_0, 1;
    %set/v v0xc96340_0, 8, 1;
    %end;
S_0xc1af20 .scope module, "am2940_inst" "am2940" 2 17, 3 148, S_0xc16ad0;
 .timescale 0 0;
v0xc946d0_0 .alias "address", 7 0, v0xc961b0_0;
v0xc94750_0 .net "cina", 0 0, v0xc962c0_0; 1 drivers
v0xc94800_0 .net "cinw", 0 0, v0xc96340_0; 1 drivers
v0xc94880_0 .net "clk", 0 0, v0xc963c0_0; 1 drivers
v0xc94900_0 .alias "cona", 0 0, v0xc96440_0;
v0xc949b0_0 .alias "conw", 0 0, v0xc96510_0;
v0xc94a30_0 .net "datain", 7 0, v0xc965e0_0; 1 drivers
v0xc94b40_0 .alias "dataout", 7 0, v0xc96660_0;
v0xc94bf0_0 .net "deca", 0 0, v0xc8fab0_0; 1 drivers
v0xc94cc0_0 .net "decw", 0 0, v0xc8fb50_0; 1 drivers
v0xc94d40_0 .net "diac", 7 0, v0xc93a10_0; 1 drivers
v0xc94e10_0 .net "diwc", 7 0, v0xc93630_0; 1 drivers
v0xc94ee0_0 .net "doar", 7 0, v0xc94540_0; 1 drivers
v0xc94fb0_0 .net "docr", 2 0, v0xc93de0_0; 1 drivers
v0xc950b0_0 .alias "done", 0 0, v0xc96780_0;
v0xc95130_0 .net "dowc", 7 0, v0xc91c60_0; 1 drivers
v0xc95030_0 .net "dowr", 7 0, v0xc94170_0; 1 drivers
v0xc95240_0 .net "ena", 0 0, v0xc8fbf0_0; 1 drivers
v0xc95360_0 .net "enw", 0 0, v0xc8fca0_0; 1 drivers
v0xc95430_0 .net "inca", 0 0, v0xc8fe20_0; 1 drivers
v0xc95560_0 .net "incw", 0 0, v0xc8fec0_0; 1 drivers
v0xc955e0_0 .net "instr", 2 0, v0xc96850_0; 1 drivers
v0xc954b0_0 .alias "oedata", 0 0, v0xc968d0_0;
v0xc95720_0 .net "plac", 0 0, v0xc90050_0; 1 drivers
v0xc95870_0 .net "plar", 0 0, v0xc90150_0; 1 drivers
v0xc958f0_0 .net "plcr", 0 0, v0xc901f0_0; 1 drivers
v0xc957f0_0 .net "plwc", 0 0, v0xc90300_0; 1 drivers
v0xc95aa0_0 .net "plwr", 0 0, v0xc903a0_0; 1 drivers
v0xc959c0_0 .net "resw", 0 0, v0xc904c0_0; 1 drivers
v0xc95c60_0 .net "sela", 0 0, v0xc90560_0; 1 drivers
v0xc95b70_0 .net "seld", 1 0, v0xc90420_0; 1 drivers
v0xc95e30_0 .net "selw", 0 0, v0xc906b0_0; 1 drivers
L_0xc969a0 .part v0xc965e0_0, 0, 3;
L_0xc97fa0 .part v0xc93de0_0, 0, 2;
S_0xc942c0 .scope module, "addr_reg" "reg8" 3 192, 3 6, S_0xc1af20;
 .timescale 0 0;
v0xc943b0_0 .alias "clk", 0 0, v0xc94880_0;
v0xc944c0_0 .alias "di", 7 0, v0xc94a30_0;
v0xc94540_0 .var "dout", 7 0;
v0xc945f0_0 .alias "pl", 0 0, v0xc95870_0;
S_0xc93f30 .scope module, "word_reg" "reg8" 3 194, 3 6, S_0xc1af20;
 .timescale 0 0;
v0xc94020_0 .alias "clk", 0 0, v0xc94880_0;
v0xc940a0_0 .alias "di", 7 0, v0xc94a30_0;
v0xc94170_0 .var "dout", 7 0;
v0xc94240_0 .alias "pl", 0 0, v0xc95aa0_0;
S_0xc93ba0 .scope module, "ctrl" "ctrl_reg" 3 196, 3 18, S_0xc1af20;
 .timescale 0 0;
v0xc93c90_0 .alias "clk", 0 0, v0xc94880_0;
v0xc93d60_0 .net "di", 2 0, L_0xc969a0; 1 drivers
v0xc93de0_0 .var "dout", 2 0;
v0xc93eb0_0 .alias "plcr", 0 0, v0xc958f0_0;
S_0xc937c0 .scope module, "addr_mux" "mux" 3 198, 3 31, S_0xc1af20;
 .timescale 0 0;
v0xc938e0_0 .alias "di0", 7 0, v0xc94a30_0;
v0xc93990_0 .alias "di1", 7 0, v0xc94ee0_0;
v0xc93a10_0 .var "dout", 7 0;
v0xc93ac0_0 .alias "sel", 0 0, v0xc95c60_0;
E_0xc938b0 .event edge, v0xc90560_0, v0xc93990_0, v0xc934e0_0;
S_0xc933c0 .scope module, "w_mux" "mux" 3 200, 3 31, S_0xc1af20;
 .timescale 0 0;
v0xc934e0_0 .alias "di0", 7 0, v0xc94a30_0;
v0xc93580_0 .alias "di1", 7 0, v0xc95030_0;
v0xc93630_0 .var "dout", 7 0;
v0xc936e0_0 .alias "sel", 0 0, v0xc95e30_0;
E_0xc934b0 .event edge, v0xc906b0_0, v0xc90b50_0, v0xc934e0_0;
S_0xc93020 .scope module, "data" "data_mux" 3 202, 3 47, S_0xc1af20;
 .timescale 0 0;
v0xc93110_0 .alias "di0", 7 0, v0xc961b0_0;
v0xc93190_0 .alias "di1", 7 0, v0xc95130_0;
v0xc93210_0 .alias "di2", 2 0, v0xc94fb0_0;
v0xc93290_0 .var "dout", 7 0;
v0xc93310_0 .alias "seld", 1 0, v0xc95b70_0;
E_0xc92de0 .event edge, v0xc90420_0, v0xc1b630_0, v0xc90aa0_0, v0xc90960_0;
S_0xc91f20 .scope module, "addr_cnt" "cnt" 3 204, 3 68, S_0xc1af20;
 .timescale 0 0;
L_0xc96b30 .functor AND 1, L_0xc96a40, v0xc8fbf0_0, C4<1>, C4<1>;
L_0xc96be0 .functor AND 1, L_0xc96b30, v0xc8fe20_0, C4<1>, C4<1>;
L_0xc96c90 .functor NOT 1, v0xc962c0_0, C4<0>, C4<0>, C4<0>;
L_0xc96cf0 .functor AND 1, L_0xc96be0, L_0xc96c90, C4<1>, C4<1>;
L_0xc96ee0 .functor AND 1, L_0xc96df0, v0xc8fbf0_0, C4<1>, C4<1>;
L_0xc97020 .functor AND 1, L_0xc96ee0, v0xc8fab0_0, C4<1>, C4<1>;
L_0xc970c0 .functor NOT 1, v0xc962c0_0, C4<0>, C4<0>, C4<0>;
L_0xc971b0 .functor AND 1, L_0xc97020, L_0xc970c0, C4<1>, C4<1>;
L_0xc972b0 .functor OR 1, L_0xc96cf0, L_0xc971b0, C4<0>, C4<0>;
L_0xc973b0 .functor NOT 1, L_0xc972b0, C4<0>, C4<0>, C4<0>;
v0xc92010_0 .alias "CIn", 0 0, v0xc94750_0;
v0xc92090_0 .alias "COn", 0 0, v0xc96440_0;
v0xc92110_0 .net *"_s0", 7 0, C4<11111111>; 1 drivers
v0xc92190_0 .net *"_s12", 7 0, C4<00000000>; 1 drivers
v0xc92210_0 .net *"_s14", 0 0, L_0xc96df0; 1 drivers
v0xc92290_0 .net *"_s16", 0 0, L_0xc96ee0; 1 drivers
v0xc92370_0 .net *"_s18", 0 0, L_0xc97020; 1 drivers
v0xc92410_0 .net *"_s2", 0 0, L_0xc96a40; 1 drivers
v0xc924b0_0 .net *"_s20", 0 0, L_0xc970c0; 1 drivers
v0xc92550_0 .net *"_s24", 0 0, L_0xc972b0; 1 drivers
v0xc925f0_0 .net *"_s4", 0 0, L_0xc96b30; 1 drivers
v0xc92690_0 .net *"_s6", 0 0, L_0xc96be0; 1 drivers
v0xc92730_0 .net *"_s8", 0 0, L_0xc96c90; 1 drivers
v0xc927d0_0 .alias "clk", 0 0, v0xc94880_0;
v0xc928d0_0 .net "co_dec", 0 0, L_0xc971b0; 1 drivers
v0xc92950_0 .net "co_inc", 0 0, L_0xc96cf0; 1 drivers
v0xc92850_0 .alias "dec", 0 0, v0xc94bf0_0;
v0xc92ab0_0 .var "do_next", 7 0;
v0xc929d0_0 .alias "enable", 0 0, v0xc95240_0;
v0xc92c00_0 .alias "in", 7 0, v0xc94d40_0;
v0xc92b30_0 .alias "inc", 0 0, v0xc95430_0;
v0xc92d60_0 .var "out", 7 0;
v0xc92cb0_0 .alias "pl", 0 0, v0xc95720_0;
v0xc92ed0_0 .net "reset", 0 0, C4<0>; 1 drivers
E_0xc91d10/0 .event edge, v0xc92010_0, v0xc90960_0, v0xc92c00_0, v0xc8fab0_0;
E_0xc91d10/1 .event edge, v0xc8fe20_0, v0xc8fbf0_0, v0xc90050_0;
E_0xc91d10 .event/or E_0xc91d10/0, E_0xc91d10/1;
L_0xc96a40 .cmp/eeq 8, v0xc92d60_0, C4<11111111>;
L_0xc96df0 .cmp/eeq 8, v0xc92d60_0, C4<00000000>;
S_0xc90c90 .scope module, "w_cnt" "cnt" 3 206, 3 68, S_0xc1af20;
 .timescale 0 0;
L_0xc92e40 .functor AND 1, L_0xc97500, v0xc8fca0_0, C4<1>, C4<1>;
L_0xc97680 .functor AND 1, L_0xc92e40, v0xc8fec0_0, C4<1>, C4<1>;
L_0xc97730 .functor NOT 1, v0xc96340_0, C4<0>, C4<0>, C4<0>;
L_0xc97820 .functor AND 1, L_0xc97680, L_0xc97730, C4<1>, C4<1>;
L_0xc97a00 .functor AND 1, L_0xc97910, v0xc8fca0_0, C4<1>, C4<1>;
L_0xc97b40 .functor AND 1, L_0xc97a00, v0xc8fb50_0, C4<1>, C4<1>;
L_0xc97be0 .functor NOT 1, v0xc96340_0, C4<0>, C4<0>, C4<0>;
L_0xc97c40 .functor AND 1, L_0xc97b40, L_0xc97be0, C4<1>, C4<1>;
L_0xc97d90 .functor OR 1, L_0xc97820, L_0xc97c40, C4<0>, C4<0>;
L_0xc97e90 .functor NOT 1, L_0xc97d90, C4<0>, C4<0>, C4<0>;
v0xc90e30_0 .alias "CIn", 0 0, v0xc94800_0;
v0xc90f00_0 .alias "COn", 0 0, v0xc96510_0;
v0xc90f80_0 .net *"_s0", 7 0, C4<11111111>; 1 drivers
v0xc91000_0 .net *"_s12", 7 0, C4<00000000>; 1 drivers
v0xc91080_0 .net *"_s14", 0 0, L_0xc97910; 1 drivers
v0xc91100_0 .net *"_s16", 0 0, L_0xc97a00; 1 drivers
v0xc91180_0 .net *"_s18", 0 0, L_0xc97b40; 1 drivers
v0xc91200_0 .net *"_s2", 0 0, L_0xc97500; 1 drivers
v0xc912d0_0 .net *"_s20", 0 0, L_0xc97be0; 1 drivers
v0xc91370_0 .net *"_s24", 0 0, L_0xc97d90; 1 drivers
v0xc91470_0 .net *"_s4", 0 0, L_0xc92e40; 1 drivers
v0xc91510_0 .net *"_s6", 0 0, L_0xc97680; 1 drivers
v0xc91620_0 .net *"_s8", 0 0, L_0xc97730; 1 drivers
v0xc916c0_0 .alias "clk", 0 0, v0xc94880_0;
v0xc917e0_0 .net "co_dec", 0 0, L_0xc97c40; 1 drivers
v0xc91880_0 .net "co_inc", 0 0, L_0xc97820; 1 drivers
v0xc91740_0 .alias "dec", 0 0, v0xc94cc0_0;
v0xc919b0_0 .var "do_next", 7 0;
v0xc91900_0 .alias "enable", 0 0, v0xc95360_0;
v0xc91b00_0 .alias "in", 7 0, v0xc94e10_0;
v0xc91a30_0 .alias "inc", 0 0, v0xc95560_0;
v0xc91c60_0 .var "out", 7 0;
v0xc91bb0_0 .alias "pl", 0 0, v0xc957f0_0;
v0xc91dd0_0 .alias "reset", 0 0, v0xc959c0_0;
E_0xc90b20/0 .event edge, v0xc908c0_0, v0xc90aa0_0, v0xc91b00_0, v0xc8fb50_0;
E_0xc90b20/1 .event edge, v0xc8fec0_0, v0xc8fca0_0, v0xc90300_0;
E_0xc90b20 .event/or E_0xc90b20/0, E_0xc90b20/1;
E_0xc90de0 .event posedge, v0xc916c0_0;
L_0xc97500 .cmp/eeq 8, v0xc91c60_0, C4<11111111>;
L_0xc97910 .cmp/eeq 8, v0xc91c60_0, C4<00000000>;
S_0xc907d0 .scope module, "done_gen_inst" "done_gen" 3 208, 3 98, S_0xc1af20;
 .timescale 0 0;
v0xc908c0_0 .alias "cinw", 0 0, v0xc94800_0;
v0xc90960_0 .alias "doac", 7 0, v0xc961b0_0;
v0xc90a00_0 .var "done", 0 0;
v0xc90aa0_0 .alias "dowc", 7 0, v0xc95130_0;
v0xc90b50_0 .alias "dowr", 7 0, v0xc95030_0;
v0xc90bf0_0 .net "mode", 1 0, L_0xc97fa0; 1 drivers
E_0xc8fc70/0 .event edge, v0xc90bf0_0, v0xc908c0_0, v0xc90960_0, v0xc90b50_0;
E_0xc8fc70/1 .event edge, v0xc90aa0_0;
E_0xc8fc70 .event/or E_0xc8fc70/0, E_0xc8fc70/1;
S_0xc1a9f0 .scope module, "dec_inst" "instruction_decoder" 3 210, 3 119, S_0xc1af20;
 .timescale 0 0;
v0xc1b630_0 .alias "cr", 2 0, v0xc94fb0_0;
v0xc8fab0_0 .var "deca", 0 0;
v0xc8fb50_0 .var "decw", 0 0;
v0xc8fbf0_0 .var "ena", 0 0;
v0xc8fca0_0 .var "enw", 0 0;
v0xc8fd40_0 .alias "i", 2 0, v0xc955e0_0;
v0xc8fe20_0 .var "inca", 0 0;
v0xc8fec0_0 .var "incw", 0 0;
v0xc8ffb0_0 .var "oedata", 0 0;
v0xc90050_0 .var "plac", 0 0;
v0xc90150_0 .var "plar", 0 0;
v0xc901f0_0 .var "plcr", 0 0;
v0xc90300_0 .var "plwc", 0 0;
v0xc903a0_0 .var "plwr", 0 0;
v0xc904c0_0 .var "resw", 0 0;
v0xc90560_0 .var "sela", 0 0;
v0xc90420_0 .var "seld", 1 0;
v0xc906b0_0 .var "selw", 0 0;
E_0xc15b20 .event edge, v0xc1b630_0, v0xc8fd40_0;
    .scope S_0xc942c0;
T_1 ;
    %wait E_0xc90de0;
    %load/v 8, v0xc945f0_0, 1;
    %mov 9, 0, 2;
    %cmpi/u 8, 1, 3;
    %jmp/0xz  T_1.0, 4;
    %load/v 8, v0xc944c0_0, 8;
    %ix/load 0, 8, 0;
    %assign/v0 v0xc94540_0, 0, 8;
T_1.0 ;
    %jmp T_1;
    .thread T_1;
    .scope S_0xc93f30;
T_2 ;
    %wait E_0xc90de0;
    %load/v 8, v0xc94240_0, 1;
    %mov 9, 0, 2;
    %cmpi/u 8, 1, 3;
    %jmp/0xz  T_2.0, 4;
    %load/v 8, v0xc940a0_0, 8;
    %ix/load 0, 8, 0;
    %assign/v0 v0xc94170_0, 0, 8;
T_2.0 ;
    %jmp T_2;
    .thread T_2;
    .scope S_0xc93ba0;
T_3 ;
    %wait E_0xc90de0;
    %load/v 8, v0xc93eb0_0, 1;
    %mov 9, 0, 2;
    %cmpi/u 8, 1, 3;
    %jmp/0xz  T_3.0, 4;
    %load/v 8, v0xc93d60_0, 3;
    %ix/load 0, 3, 0;
    %assign/v0 v0xc93de0_0, 0, 8;
T_3.0 ;
    %jmp T_3;
    .thread T_3;
    .scope S_0xc937c0;
T_4 ;
    %wait E_0xc938b0;
    %load/v 8, v0xc93ac0_0, 1;
    %cmpi/u 8, 0, 1;
    %jmp/1 T_4.0, 6;
    %cmpi/u 8, 1, 1;
    %jmp/1 T_4.1, 6;
    %jmp T_4.2;
T_4.0 ;
    %load/v 8, v0xc938e0_0, 8;
    %set/v v0xc93a10_0, 8, 8;
    %jmp T_4.2;
T_4.1 ;
    %load/v 8, v0xc93990_0, 8;
    %set/v v0xc93a10_0, 8, 8;
    %jmp T_4.2;
T_4.2 ;
    %jmp T_4;
    .thread T_4, $push;
    .scope S_0xc933c0;
T_5 ;
    %wait E_0xc934b0;
    %load/v 8, v0xc936e0_0, 1;
    %cmpi/u 8, 0, 1;
    %jmp/1 T_5.0, 6;
    %cmpi/u 8, 1, 1;
    %jmp/1 T_5.1, 6;
    %jmp T_5.2;
T_5.0 ;
    %load/v 8, v0xc934e0_0, 8;
    %set/v v0xc93630_0, 8, 8;
    %jmp T_5.2;
T_5.1 ;
    %load/v 8, v0xc93580_0, 8;
    %set/v v0xc93630_0, 8, 8;
    %jmp T_5.2;
T_5.2 ;
    %jmp T_5;
    .thread T_5, $push;
    .scope S_0xc93020;
T_6 ;
    %wait E_0xc92de0;
    %load/v 8, v0xc93310_0, 2;
    %cmp/x 8, 0, 2;
    %jmp/1 T_6.0, 4;
    %movi 10, 1, 2;
    %cmp/x 8, 10, 2;
    %jmp/1 T_6.1, 4;
    %mov 10, 2, 1;
    %movi 11, 1, 1;
    %cmp/x 8, 10, 2;
    %jmp/1 T_6.2, 4;
    %jmp T_6.3;
T_6.0 ;
    %load/v 8, v0xc93110_0, 8;
    %ix/load 0, 8, 0;
    %assign/v0 v0xc93290_0, 0, 8;
    %jmp T_6.3;
T_6.1 ;
    %load/v 8, v0xc93190_0, 8;
    %ix/load 0, 8, 0;
    %assign/v0 v0xc93290_0, 0, 8;
    %jmp T_6.3;
T_6.2 ;
    %load/v 8, v0xc93210_0, 3;
    %mov 11, 1, 5;
    %ix/load 0, 8, 0;
    %assign/v0 v0xc93290_0, 0, 8;
    %jmp T_6.3;
T_6.3 ;
    %jmp T_6;
    .thread T_6, $push;
    .scope S_0xc91f20;
T_7 ;
    %wait E_0xc90de0;
    %load/v 8, v0xc92ed0_0, 1;
    %mov 9, 0, 2;
    %cmpi/u 8, 1, 3;
    %jmp/0xz  T_7.0, 4;
    %ix/load 0, 8, 0;
    %assign/v0 v0xc92d60_0, 0, 0;
    %jmp T_7.1;
T_7.0 ;
    %load/v 8, v0xc92ab0_0, 8;
    %ix/load 0, 8, 0;
    %assign/v0 v0xc92d60_0, 0, 8;
T_7.1 ;
    %jmp T_7;
    .thread T_7;
    .scope S_0xc91f20;
T_8 ;
    %wait E_0xc91d10;
    %load/v 8, v0xc92010_0, 1;
    %load/v 9, v0xc92850_0, 1;
    %load/v 10, v0xc92b30_0, 1;
    %load/v 11, v0xc929d0_0, 1;
    %load/v 12, v0xc92cb0_0, 1;
    %mov 13, 2, 4;
    %movi 17, 1, 1;
    %cmp/x 8, 13, 5;
    %jmp/1 T_8.0, 4;
    %movi 18, 1, 1;
    %mov 19, 2, 3;
    %movi 22, 0, 1;
    %cmp/x 8, 18, 5;
    %jmp/1 T_8.1, 4;
    %mov 23, 2, 3;
    %movi 26, 0, 2;
    %cmp/x 8, 23, 5;
    %jmp/1 T_8.2, 4;
    %movi 28, 8, 5;
    %cmp/x 8, 28, 5;
    %jmp/1 T_8.3, 4;
    %movi 28, 0, 1;
    %mov 29, 2, 1;
    %movi 30, 3, 3;
    %cmp/x 8, 28, 5;
    %jmp/1 T_8.4, 4;
    %movi 33, 10, 5;
    %cmp/x 8, 33, 5;
    %jmp/1 T_8.5, 4;
    %load/v 33, v0xc92d60_0, 8;
    %set/v v0xc92ab0_0, 33, 8;
    %jmp T_8.7;
T_8.0 ;
    %load/v 8, v0xc92c00_0, 8;
    %set/v v0xc92ab0_0, 8, 8;
    %jmp T_8.7;
T_8.1 ;
    %load/v 8, v0xc92d60_0, 8;
    %set/v v0xc92ab0_0, 8, 8;
    %jmp T_8.7;
T_8.2 ;
    %load/v 8, v0xc92d60_0, 8;
    %set/v v0xc92ab0_0, 8, 8;
    %jmp T_8.7;
T_8.3 ;
    %load/v 8, v0xc92d60_0, 8;
    %set/v v0xc92ab0_0, 8, 8;
    %jmp T_8.7;
T_8.4 ;
    %load/v 8, v0xc92d60_0, 8;
    %mov 16, 0, 24;
    %addi 8, 1, 32;
    %set/v v0xc92ab0_0, 8, 8;
    %jmp T_8.7;
T_8.5 ;
    %load/v 8, v0xc92d60_0, 8;
    %mov 16, 0, 24;
    %subi 8, 1, 32;
    %set/v v0xc92ab0_0, 8, 8;
    %jmp T_8.7;
T_8.7 ;
    %jmp T_8;
    .thread T_8, $push;
    .scope S_0xc90c90;
T_9 ;
    %wait E_0xc90de0;
    %load/v 8, v0xc91dd0_0, 1;
    %mov 9, 0, 2;
    %cmpi/u 8, 1, 3;
    %jmp/0xz  T_9.0, 4;
    %ix/load 0, 8, 0;
    %assign/v0 v0xc91c60_0, 0, 0;
    %jmp T_9.1;
T_9.0 ;
    %load/v 8, v0xc919b0_0, 8;
    %ix/load 0, 8, 0;
    %assign/v0 v0xc91c60_0, 0, 8;
T_9.1 ;
    %jmp T_9;
    .thread T_9;
    .scope S_0xc90c90;
T_10 ;
    %wait E_0xc90b20;
    %load/v 8, v0xc90e30_0, 1;
    %load/v 9, v0xc91740_0, 1;
    %load/v 10, v0xc91a30_0, 1;
    %load/v 11, v0xc91900_0, 1;
    %load/v 12, v0xc91bb0_0, 1;
    %mov 13, 2, 4;
    %movi 17, 1, 1;
    %cmp/x 8, 13, 5;
    %jmp/1 T_10.0, 4;
    %movi 18, 1, 1;
    %mov 19, 2, 3;
    %movi 22, 0, 1;
    %cmp/x 8, 18, 5;
    %jmp/1 T_10.1, 4;
    %mov 23, 2, 3;
    %movi 26, 0, 2;
    %cmp/x 8, 23, 5;
    %jmp/1 T_10.2, 4;
    %movi 28, 8, 5;
    %cmp/x 8, 28, 5;
    %jmp/1 T_10.3, 4;
    %movi 28, 0, 1;
    %mov 29, 2, 1;
    %movi 30, 3, 3;
    %cmp/x 8, 28, 5;
    %jmp/1 T_10.4, 4;
    %movi 33, 10, 5;
    %cmp/x 8, 33, 5;
    %jmp/1 T_10.5, 4;
    %load/v 33, v0xc91c60_0, 8;
    %set/v v0xc919b0_0, 33, 8;
    %jmp T_10.7;
T_10.0 ;
    %load/v 8, v0xc91b00_0, 8;
    %set/v v0xc919b0_0, 8, 8;
    %jmp T_10.7;
T_10.1 ;
    %load/v 8, v0xc91c60_0, 8;
    %set/v v0xc919b0_0, 8, 8;
    %jmp T_10.7;
T_10.2 ;
    %load/v 8, v0xc91c60_0, 8;
    %set/v v0xc919b0_0, 8, 8;
    %jmp T_10.7;
T_10.3 ;
    %load/v 8, v0xc91c60_0, 8;
    %set/v v0xc919b0_0, 8, 8;
    %jmp T_10.7;
T_10.4 ;
    %load/v 8, v0xc91c60_0, 8;
    %mov 16, 0, 24;
    %addi 8, 1, 32;
    %set/v v0xc919b0_0, 8, 8;
    %jmp T_10.7;
T_10.5 ;
    %load/v 8, v0xc91c60_0, 8;
    %mov 16, 0, 24;
    %subi 8, 1, 32;
    %set/v v0xc919b0_0, 8, 8;
    %jmp T_10.7;
T_10.7 ;
    %jmp T_10;
    .thread T_10, $push;
    .scope S_0xc907d0;
T_11 ;
    %wait E_0xc8fc70;
    %load/v 8, v0xc908c0_0, 1;
    %load/v 9, v0xc90bf0_0, 2;
    %cmp/x 8, 0, 3;
    %jmp/1 T_11.0, 4;
    %movi 11, 1, 3;
    %cmp/x 8, 11, 3;
    %jmp/1 T_11.1, 4;
    %movi 11, 2, 3;
    %cmp/x 8, 11, 3;
    %jmp/1 T_11.2, 4;
    %movi 11, 3, 3;
    %cmp/x 8, 11, 3;
    %jmp/1 T_11.3, 4;
    %mov 11, 2, 1;
    %movi 12, 2, 2;
    %cmp/x 8, 11, 3;
    %jmp/1 T_11.4, 4;
    %mov 14, 2, 1;
    %movi 15, 3, 2;
    %cmp/x 8, 14, 3;
    %jmp/1 T_11.5, 4;
    %jmp T_11.6;
T_11.0 ;
    %load/v 8, v0xc90aa0_0, 8;
    %cmpi/u 8, 1, 8;
    %mov 8, 6, 1;
    %set/v v0xc90a00_0, 8, 1;
    %jmp T_11.6;
T_11.1 ;
    %load/v 8, v0xc90aa0_0, 8;
    %or/r 8, 8, 8;
    %inv 8, 1;
    %set/v v0xc90a00_0, 8, 1;
    %jmp T_11.6;
T_11.2 ;
    %load/v 8, v0xc90aa0_0, 8;
    %mov 16, 0, 24;
    %addi 8, 1, 32;
    %load/v 40, v0xc90b50_0, 8;
    %mov 48, 0, 24;
    %cmp/u 8, 40, 32;
    %mov 8, 6, 1;
    %set/v v0xc90a00_0, 8, 1;
    %jmp T_11.6;
T_11.3 ;
    %load/v 8, v0xc90aa0_0, 8;
    %load/v 16, v0xc90b50_0, 8;
    %cmp/u 8, 16, 8;
    %mov 8, 6, 1;
    %set/v v0xc90a00_0, 8, 1;
    %jmp T_11.6;
T_11.4 ;
    %load/v 8, v0xc90aa0_0, 8;
    %load/v 16, v0xc90960_0, 8;
    %cmp/u 8, 16, 8;
    %mov 8, 6, 1;
    %set/v v0xc90a00_0, 8, 1;
    %jmp T_11.6;
T_11.5 ;
    %set/v v0xc90a00_0, 0, 1;
    %jmp T_11.6;
T_11.6 ;
    %jmp T_11;
    .thread T_11, $push;
    .scope S_0xc1a9f0;
T_12 ;
    %wait E_0xc15b20;
    %load/v 8, v0xc1b630_0, 3;
    %load/v 11, v0xc8fd40_0, 3;
    %mov 14, 2, 3;
    %movi 17, 0, 3;
    %cmp/x 8, 14, 6;
    %jmp/1 T_12.0, 4;
    %mov 20, 2, 3;
    %movi 23, 1, 3;
    %cmp/x 8, 20, 6;
    %jmp/1 T_12.1, 4;
    %mov 26, 2, 3;
    %movi 29, 2, 3;
    %cmp/x 8, 26, 6;
    %jmp/1 T_12.2, 4;
    %mov 32, 2, 3;
    %movi 35, 3, 3;
    %cmp/x 8, 32, 6;
    %jmp/1 T_12.3, 4;
    %movi 38, 0, 1;
    %mov 39, 2, 2;
    %movi 41, 4, 3;
    %cmp/x 8, 38, 6;
    %jmp/1 T_12.4, 4;
    %movi 44, 3, 2;
    %mov 46, 2, 1;
    %movi 47, 4, 3;
    %cmp/x 8, 44, 6;
    %jmp/1 T_12.5, 4;
    %movi 50, 33, 6;
    %cmp/x 8, 50, 6;
    %jmp/1 T_12.6, 4;
    %mov 50, 2, 3;
    %movi 53, 5, 3;
    %cmp/x 8, 50, 6;
    %jmp/1 T_12.7, 4;
    %movi 56, 0, 1;
    %mov 57, 2, 2;
    %movi 59, 6, 3;
    %cmp/x 8, 56, 6;
    %jmp/1 T_12.8, 4;
    %movi 62, 3, 2;
    %mov 64, 2, 1;
    %movi 65, 6, 3;
    %cmp/x 8, 62, 6;
    %jmp/1 T_12.9, 4;
    %movi 68, 1, 2;
    %mov 70, 2, 1;
    %movi 71, 6, 3;
    %cmp/x 8, 68, 6;
    %jmp/1 T_12.10, 4;
    %movi 74, 56, 6;
    %cmp/x 8, 74, 6;
    %jmp/1 T_12.11, 4;
    %movi 74, 1, 1;
    %mov 75, 2, 1;
    %movi 76, 14, 4;
    %cmp/x 8, 74, 6;
    %jmp/1 T_12.12, 4;
    %movi 80, 58, 6;
    %cmp/x 8, 80, 6;
    %jmp/1 T_12.13, 4;
    %movi 80, 60, 6;
    %cmp/x 8, 80, 6;
    %jmp/1 T_12.14, 4;
    %movi 80, 1, 1;
    %mov 81, 2, 1;
    %movi 82, 15, 4;
    %cmp/x 8, 80, 6;
    %jmp/1 T_12.15, 4;
    %movi 86, 62, 6;
    %cmp/x 8, 86, 6;
    %jmp/1 T_12.16, 4;
    %jmp T_12.17;
T_12.0 ;
    %movi 8, 4096, 17;
    %set/v v0xc8ffb0_0, 8, 1;
    %set/v v0xc8fb50_0, 9, 1;
    %set/v v0xc8fec0_0, 10, 1;
    %set/v v0xc8fca0_0, 11, 1;
    %set/v v0xc90300_0, 12, 1;
    %set/v v0xc904c0_0, 13, 1;
    %set/v v0xc8fab0_0, 14, 1;
    %set/v v0xc8fe20_0, 15, 1;
    %set/v v0xc8fbf0_0, 16, 1;
    %set/v v0xc90050_0, 17, 1;
    %set/v v0xc90420_0, 18, 2;
    %set/v v0xc901f0_0, 20, 1;
    %set/v v0xc906b0_0, 21, 1;
    %set/v v0xc90560_0, 22, 1;
    %set/v v0xc903a0_0, 23, 1;
    %set/v v0xc90150_0, 24, 1;
    %jmp T_12.17;
T_12.1 ;
    %movi 8, 2049, 17;
    %set/v v0xc8ffb0_0, 8, 1;
    %set/v v0xc8fb50_0, 9, 1;
    %set/v v0xc8fec0_0, 10, 1;
    %set/v v0xc8fca0_0, 11, 1;
    %set/v v0xc90300_0, 12, 1;
    %set/v v0xc904c0_0, 13, 1;
    %set/v v0xc8fab0_0, 14, 1;
    %set/v v0xc8fe20_0, 15, 1;
    %set/v v0xc8fbf0_0, 16, 1;
    %set/v v0xc90050_0, 17, 1;
    %set/v v0xc90420_0, 18, 2;
    %set/v v0xc901f0_0, 20, 1;
    %set/v v0xc906b0_0, 21, 1;
    %set/v v0xc90560_0, 22, 1;
    %set/v v0xc903a0_0, 23, 1;
    %set/v v0xc90150_0, 24, 1;
    %jmp T_12.17;
T_12.2 ;
    %movi 8, 1025, 17;
    %set/v v0xc8ffb0_0, 8, 1;
    %set/v v0xc8fb50_0, 9, 1;
    %set/v v0xc8fec0_0, 10, 1;
    %set/v v0xc8fca0_0, 11, 1;
    %set/v v0xc90300_0, 12, 1;
    %set/v v0xc904c0_0, 13, 1;
    %set/v v0xc8fab0_0, 14, 1;
    %set/v v0xc8fe20_0, 15, 1;
    %set/v v0xc8fbf0_0, 16, 1;
    %set/v v0xc90050_0, 17, 1;
    %set/v v0xc90420_0, 18, 2;
    %set/v v0xc901f0_0, 20, 1;
    %set/v v0xc906b0_0, 21, 1;
    %set/v v0xc90560_0, 22, 1;
    %set/v v0xc903a0_0, 23, 1;
    %set/v v0xc90150_0, 24, 1;
    %jmp T_12.17;
T_12.3 ;
    %movi 8, 1, 17;
    %set/v v0xc8ffb0_0, 8, 1;
    %set/v v0xc8fb50_0, 9, 1;
    %set/v v0xc8fec0_0, 10, 1;
    %set/v v0xc8fca0_0, 11, 1;
    %set/v v0xc90300_0, 12, 1;
    %set/v v0xc904c0_0, 13, 1;
    %set/v v0xc8fab0_0, 14, 1;
    %set/v v0xc8fe20_0, 15, 1;
    %set/v v0xc8fbf0_0, 16, 1;
    %set/v v0xc90050_0, 17, 1;
    %set/v v0xc90420_0, 18, 2;
    %set/v v0xc901f0_0, 20, 1;
    %set/v v0xc906b0_0, 21, 1;
    %set/v v0xc90560_0, 22, 1;
    %set/v v0xc903a0_0, 23, 1;
    %set/v v0xc90150_0, 24, 1;
    %jmp T_12.17;
T_12.4 ;
    %movi 8, 25104, 17;
    %set/v v0xc8ffb0_0, 8, 1;
    %set/v v0xc8fb50_0, 9, 1;
    %set/v v0xc8fec0_0, 10, 1;
    %set/v v0xc8fca0_0, 11, 1;
    %set/v v0xc90300_0, 12, 1;
    %set/v v0xc904c0_0, 13, 1;
    %set/v v0xc8fab0_0, 14, 1;
    %set/v v0xc8fe20_0, 15, 1;
    %set/v v0xc8fbf0_0, 16, 1;
    %set/v v0xc90050_0, 17, 1;
    %set/v v0xc90420_0, 18, 2;
    %set/v v0xc901f0_0, 20, 1;
    %set/v v0xc906b0_0, 21, 1;
    %set/v v0xc90560_0, 22, 1;
    %set/v v0xc903a0_0, 23, 1;
    %set/v v0xc90150_0, 24, 1;
    %jmp T_12.17;
T_12.5 ;
    %movi 8, 25104, 17;
    %set/v v0xc8ffb0_0, 8, 1;
    %set/v v0xc8fb50_0, 9, 1;
    %set/v v0xc8fec0_0, 10, 1;
    %set/v v0xc8fca0_0, 11, 1;
    %set/v v0xc90300_0, 12, 1;
    %set/v v0xc904c0_0, 13, 1;
    %set/v v0xc8fab0_0, 14, 1;
    %set/v v0xc8fe20_0, 15, 1;
    %set/v v0xc8fbf0_0, 16, 1;
    %set/v v0xc90050_0, 17, 1;
    %set/v v0xc90420_0, 18, 2;
    %set/v v0xc901f0_0, 20, 1;
    %set/v v0xc906b0_0, 21, 1;
    %set/v v0xc90560_0, 22, 1;
    %set/v v0xc903a0_0, 23, 1;
    %set/v v0xc90150_0, 24, 1;
    %jmp T_12.17;
T_12.6 ;
    %movi 8, 16928, 17;
    %set/v v0xc8ffb0_0, 8, 1;
    %set/v v0xc8fb50_0, 9, 1;
    %set/v v0xc8fec0_0, 10, 1;
    %set/v v0xc8fca0_0, 11, 1;
    %set/v v0xc90300_0, 12, 1;
    %set/v v0xc904c0_0, 13, 1;
    %set/v v0xc8fab0_0, 14, 1;
    %set/v v0xc8fe20_0, 15, 1;
    %set/v v0xc8fbf0_0, 16, 1;
    %set/v v0xc90050_0, 17, 1;
    %set/v v0xc90420_0, 18, 2;
    %set/v v0xc901f0_0, 20, 1;
    %set/v v0xc906b0_0, 21, 1;
    %set/v v0xc90560_0, 22, 1;
    %set/v v0xc903a0_0, 23, 1;
    %set/v v0xc90150_0, 24, 1;
    %jmp T_12.17;
T_12.7 ;
    %movi 8, 66048, 17;
    %set/v v0xc8ffb0_0, 8, 1;
    %set/v v0xc8fb50_0, 9, 1;
    %set/v v0xc8fec0_0, 10, 1;
    %set/v v0xc8fca0_0, 11, 1;
    %set/v v0xc90300_0, 12, 1;
    %set/v v0xc904c0_0, 13, 1;
    %set/v v0xc8fab0_0, 14, 1;
    %set/v v0xc8fe20_0, 15, 1;
    %set/v v0xc8fbf0_0, 16, 1;
    %set/v v0xc90050_0, 17, 1;
    %set/v v0xc90420_0, 18, 2;
    %set/v v0xc901f0_0, 20, 1;
    %set/v v0xc906b0_0, 21, 1;
    %set/v v0xc90560_0, 22, 1;
    %set/v v0xc903a0_0, 23, 1;
    %set/v v0xc90150_0, 24, 1;
    %jmp T_12.17;
T_12.8 ;
    %movi 8, 32784, 17;
    %set/v v0xc8ffb0_0, 8, 1;
    %set/v v0xc8fb50_0, 9, 1;
    %set/v v0xc8fec0_0, 10, 1;
    %set/v v0xc8fca0_0, 11, 1;
    %set/v v0xc90300_0, 12, 1;
    %set/v v0xc904c0_0, 13, 1;
    %set/v v0xc8fab0_0, 14, 1;
    %set/v v0xc8fe20_0, 15, 1;
    %set/v v0xc8fbf0_0, 16, 1;
    %set/v v0xc90050_0, 17, 1;
    %set/v v0xc90420_0, 18, 2;
    %set/v v0xc901f0_0, 20, 1;
    %set/v v0xc906b0_0, 21, 1;
    %set/v v0xc90560_0, 22, 1;
    %set/v v0xc903a0_0, 23, 1;
    %set/v v0xc90150_0, 24, 1;
    %jmp T_12.17;
T_12.9 ;
    %movi 8, 32784, 17;
    %set/v v0xc8ffb0_0, 8, 1;
    %set/v v0xc8fb50_0, 9, 1;
    %set/v v0xc8fec0_0, 10, 1;
    %set/v v0xc8fca0_0, 11, 1;
    %set/v v0xc90300_0, 12, 1;
    %set/v v0xc904c0_0, 13, 1;
    %set/v v0xc8fab0_0, 14, 1;
    %set/v v0xc8fe20_0, 15, 1;
    %set/v v0xc8fbf0_0, 16, 1;
    %set/v v0xc90050_0, 17, 1;
    %set/v v0xc90420_0, 18, 2;
    %set/v v0xc901f0_0, 20, 1;
    %set/v v0xc906b0_0, 21, 1;
    %set/v v0xc90560_0, 22, 1;
    %set/v v0xc903a0_0, 23, 1;
    %set/v v0xc90150_0, 24, 1;
    %jmp T_12.17;
T_12.10 ;
    %movi 8, 32800, 17;
    %set/v v0xc8ffb0_0, 8, 1;
    %set/v v0xc8fb50_0, 9, 1;
    %set/v v0xc8fec0_0, 10, 1;
    %set/v v0xc8fca0_0, 11, 1;
    %set/v v0xc90300_0, 12, 1;
    %set/v v0xc904c0_0, 13, 1;
    %set/v v0xc8fab0_0, 14, 1;
    %set/v v0xc8fe20_0, 15, 1;
    %set/v v0xc8fbf0_0, 16, 1;
    %set/v v0xc90050_0, 17, 1;
    %set/v v0xc90420_0, 18, 2;
    %set/v v0xc901f0_0, 20, 1;
    %set/v v0xc906b0_0, 21, 1;
    %set/v v0xc90560_0, 22, 1;
    %set/v v0xc903a0_0, 23, 1;
    %set/v v0xc90150_0, 24, 1;
    %jmp T_12.17;
T_12.11 ;
    %movi 8, 394, 17;
    %set/v v0xc8ffb0_0, 8, 1;
    %set/v v0xc8fb50_0, 9, 1;
    %set/v v0xc8fec0_0, 10, 1;
    %set/v v0xc8fca0_0, 11, 1;
    %set/v v0xc90300_0, 12, 1;
    %set/v v0xc904c0_0, 13, 1;
    %set/v v0xc8fab0_0, 14, 1;
    %set/v v0xc8fe20_0, 15, 1;
    %set/v v0xc8fbf0_0, 16, 1;
    %set/v v0xc90050_0, 17, 1;
    %set/v v0xc90420_0, 18, 2;
    %set/v v0xc901f0_0, 20, 1;
    %set/v v0xc906b0_0, 21, 1;
    %set/v v0xc90560_0, 22, 1;
    %set/v v0xc903a0_0, 23, 1;
    %set/v v0xc90150_0, 24, 1;
    %jmp T_12.17;
T_12.12 ;
    %movi 8, 396, 17;
    %set/v v0xc8ffb0_0, 8, 1;
    %set/v v0xc8fb50_0, 9, 1;
    %set/v v0xc8fec0_0, 10, 1;
    %set/v v0xc8fca0_0, 11, 1;
    %set/v v0xc90300_0, 12, 1;
    %set/v v0xc904c0_0, 13, 1;
    %set/v v0xc8fab0_0, 14, 1;
    %set/v v0xc8fe20_0, 15, 1;
    %set/v v0xc8fbf0_0, 16, 1;
    %set/v v0xc90050_0, 17, 1;
    %set/v v0xc90420_0, 18, 2;
    %set/v v0xc901f0_0, 20, 1;
    %set/v v0xc906b0_0, 21, 1;
    %set/v v0xc90560_0, 22, 1;
    %set/v v0xc903a0_0, 23, 1;
    %set/v v0xc90150_0, 24, 1;
    %jmp T_12.17;
T_12.13 ;
    %movi 8, 384, 17;
    %set/v v0xc8ffb0_0, 8, 1;
    %set/v v0xc8fb50_0, 9, 1;
    %set/v v0xc8fec0_0, 10, 1;
    %set/v v0xc8fca0_0, 11, 1;
    %set/v v0xc90300_0, 12, 1;
    %set/v v0xc904c0_0, 13, 1;
    %set/v v0xc8fab0_0, 14, 1;
    %set/v v0xc8fe20_0, 15, 1;
    %set/v v0xc8fbf0_0, 16, 1;
    %set/v v0xc90050_0, 17, 1;
    %set/v v0xc90420_0, 18, 2;
    %set/v v0xc901f0_0, 20, 1;
    %set/v v0xc906b0_0, 21, 1;
    %set/v v0xc90560_0, 22, 1;
    %set/v v0xc903a0_0, 23, 1;
    %set/v v0xc90150_0, 24, 1;
    %jmp T_12.17;
T_12.14 ;
    %movi 8, 330, 17;
    %set/v v0xc8ffb0_0, 8, 1;
    %set/v v0xc8fb50_0, 9, 1;
    %set/v v0xc8fec0_0, 10, 1;
    %set/v v0xc8fca0_0, 11, 1;
    %set/v v0xc90300_0, 12, 1;
    %set/v v0xc904c0_0, 13, 1;
    %set/v v0xc8fab0_0, 14, 1;
    %set/v v0xc8fe20_0, 15, 1;
    %set/v v0xc8fbf0_0, 16, 1;
    %set/v v0xc90050_0, 17, 1;
    %set/v v0xc90420_0, 18, 2;
    %set/v v0xc901f0_0, 20, 1;
    %set/v v0xc906b0_0, 21, 1;
    %set/v v0xc90560_0, 22, 1;
    %set/v v0xc903a0_0, 23, 1;
    %set/v v0xc90150_0, 24, 1;
    %jmp T_12.17;
T_12.15 ;
    %movi 8, 332, 17;
    %set/v v0xc8ffb0_0, 8, 1;
    %set/v v0xc8fb50_0, 9, 1;
    %set/v v0xc8fec0_0, 10, 1;
    %set/v v0xc8fca0_0, 11, 1;
    %set/v v0xc90300_0, 12, 1;
    %set/v v0xc904c0_0, 13, 1;
    %set/v v0xc8fab0_0, 14, 1;
    %set/v v0xc8fe20_0, 15, 1;
    %set/v v0xc8fbf0_0, 16, 1;
    %set/v v0xc90050_0, 17, 1;
    %set/v v0xc90420_0, 18, 2;
    %set/v v0xc901f0_0, 20, 1;
    %set/v v0xc906b0_0, 21, 1;
    %set/v v0xc90560_0, 22, 1;
    %set/v v0xc903a0_0, 23, 1;
    %set/v v0xc90150_0, 24, 1;
    %jmp T_12.17;
T_12.16 ;
    %movi 8, 320, 17;
    %set/v v0xc8ffb0_0, 8, 1;
    %set/v v0xc8fb50_0, 9, 1;
    %set/v v0xc8fec0_0, 10, 1;
    %set/v v0xc8fca0_0, 11, 1;
    %set/v v0xc90300_0, 12, 1;
    %set/v v0xc904c0_0, 13, 1;
    %set/v v0xc8fab0_0, 14, 1;
    %set/v v0xc8fe20_0, 15, 1;
    %set/v v0xc8fbf0_0, 16, 1;
    %set/v v0xc90050_0, 17, 1;
    %set/v v0xc90420_0, 18, 2;
    %set/v v0xc901f0_0, 20, 1;
    %set/v v0xc906b0_0, 21, 1;
    %set/v v0xc90560_0, 22, 1;
    %set/v v0xc903a0_0, 23, 1;
    %set/v v0xc90150_0, 24, 1;
    %jmp T_12.17;
T_12.17 ;
    %jmp T_12;
    .thread T_12, $push;
    .scope S_0xc16ad0;
T_13 ;
    %delay 0, 0;
    %set/v v0xc963c0_0, 0, 1;
T_13.0 ;
    %delay 5, 0;
    %load/v 8, v0xc963c0_0, 1;
    %inv 8, 1;
    %set/v v0xc963c0_0, 8, 1;
    %jmp T_13.0;
    %end;
    .thread T_13;
    .scope S_0xc16ad0;
T_14 ;
    %delay 0, 0;
    %set/v v0xc96130_0, 0, 3;
    %set/v v0xc95d30_0, 1, 1;
    %set/v v0xc960b0_0, 1, 1;
    %fork TD_test_am2940.stimuli_am2940, S_0xc95fc0;
    %join;
    %set/v v0xc965e0_0, 0, 8;
    %delay 20, 0;
    %movi 8, 1, 3;
    %set/v v0xc96130_0, 8, 3;
    %set/v v0xc95d30_0, 1, 1;
    %set/v v0xc960b0_0, 1, 1;
    %fork TD_test_am2940.stimuli_am2940, S_0xc95fc0;
    %join;
    %delay 20, 0;
    %movi 8, 253, 8;
    %set/v v0xc965e0_0, 8, 8;
    %movi 8, 5, 3;
    %set/v v0xc96130_0, 8, 3;
    %set/v v0xc95d30_0, 1, 1;
    %set/v v0xc960b0_0, 1, 1;
    %fork TD_test_am2940.stimuli_am2940, S_0xc95fc0;
    %join;
    %delay 20, 0;
    %movi 8, 3, 3;
    %set/v v0xc96130_0, 8, 3;
    %set/v v0xc95d30_0, 1, 1;
    %set/v v0xc960b0_0, 1, 1;
    %fork TD_test_am2940.stimuli_am2940, S_0xc95fc0;
    %join;
    %delay 20, 0;
    %movi 8, 3, 8;
    %set/v v0xc965e0_0, 8, 8;
    %movi 8, 6, 3;
    %set/v v0xc96130_0, 8, 3;
    %set/v v0xc95d30_0, 1, 1;
    %set/v v0xc960b0_0, 1, 1;
    %fork TD_test_am2940.stimuli_am2940, S_0xc95fc0;
    %join;
    %delay 20, 0;
    %movi 8, 2, 3;
    %set/v v0xc96130_0, 8, 3;
    %set/v v0xc95d30_0, 1, 1;
    %set/v v0xc960b0_0, 1, 1;
    %fork TD_test_am2940.stimuli_am2940, S_0xc95fc0;
    %join;
    %delay 20, 0;
    %set/v v0xc96130_0, 1, 3;
    %set/v v0xc95d30_0, 0, 1;
    %set/v v0xc960b0_0, 0, 1;
    %fork TD_test_am2940.stimuli_am2940, S_0xc95fc0;
    %join;
    %delay 60, 0;
    %movi 8, 4, 3;
    %set/v v0xc96130_0, 8, 3;
    %set/v v0xc95d30_0, 1, 1;
    %set/v v0xc960b0_0, 1, 1;
    %fork TD_test_am2940.stimuli_am2940, S_0xc95fc0;
    %join;
    %delay 20, 0;
    %movi 8, 3, 3;
    %set/v v0xc96130_0, 8, 3;
    %set/v v0xc95d30_0, 1, 1;
    %set/v v0xc960b0_0, 1, 1;
    %fork TD_test_am2940.stimuli_am2940, S_0xc95fc0;
    %join;
    %delay 20, 0;
    %movi 8, 2, 3;
    %set/v v0xc96130_0, 8, 3;
    %set/v v0xc95d30_0, 1, 1;
    %set/v v0xc960b0_0, 1, 1;
    %fork TD_test_am2940.stimuli_am2940, S_0xc95fc0;
    %join;
    %delay 20, 0;
    %set/v v0xc96130_0, 0, 3;
    %set/v v0xc95d30_0, 1, 1;
    %set/v v0xc960b0_0, 1, 1;
    %fork TD_test_am2940.stimuli_am2940, S_0xc95fc0;
    %join;
    %movi 8, 1, 8;
    %set/v v0xc965e0_0, 8, 8;
    %delay 20, 0;
    %movi 8, 1, 3;
    %set/v v0xc96130_0, 8, 3;
    %set/v v0xc95d30_0, 1, 1;
    %set/v v0xc960b0_0, 1, 1;
    %fork TD_test_am2940.stimuli_am2940, S_0xc95fc0;
    %join;
    %delay 20, 0;
    %movi 8, 138, 8;
    %set/v v0xc965e0_0, 8, 8;
    %movi 8, 5, 3;
    %set/v v0xc96130_0, 8, 3;
    %set/v v0xc95d30_0, 1, 1;
    %set/v v0xc960b0_0, 1, 1;
    %fork TD_test_am2940.stimuli_am2940, S_0xc95fc0;
    %join;
    %delay 20, 0;
    %movi 8, 3, 3;
    %set/v v0xc96130_0, 8, 3;
    %set/v v0xc95d30_0, 1, 1;
    %set/v v0xc960b0_0, 1, 1;
    %fork TD_test_am2940.stimuli_am2940, S_0xc95fc0;
    %join;
    %delay 20, 0;
    %movi 8, 97, 8;
    %set/v v0xc965e0_0, 8, 8;
    %movi 8, 6, 3;
    %set/v v0xc96130_0, 8, 3;
    %set/v v0xc95d30_0, 1, 1;
    %set/v v0xc960b0_0, 1, 1;
    %fork TD_test_am2940.stimuli_am2940, S_0xc95fc0;
    %join;
    %delay 20, 0;
    %movi 8, 2, 3;
    %set/v v0xc96130_0, 8, 3;
    %set/v v0xc95d30_0, 1, 1;
    %set/v v0xc960b0_0, 1, 1;
    %fork TD_test_am2940.stimuli_am2940, S_0xc95fc0;
    %join;
    %delay 20, 0;
    %set/v v0xc96130_0, 1, 3;
    %set/v v0xc95d30_0, 0, 1;
    %set/v v0xc960b0_0, 0, 1;
    %fork TD_test_am2940.stimuli_am2940, S_0xc95fc0;
    %join;
    %delay 60, 0;
    %movi 8, 4, 3;
    %set/v v0xc96130_0, 8, 3;
    %set/v v0xc95d30_0, 1, 1;
    %set/v v0xc960b0_0, 1, 1;
    %fork TD_test_am2940.stimuli_am2940, S_0xc95fc0;
    %join;
    %delay 20, 0;
    %movi 8, 3, 3;
    %set/v v0xc96130_0, 8, 3;
    %set/v v0xc95d30_0, 1, 1;
    %set/v v0xc960b0_0, 1, 1;
    %fork TD_test_am2940.stimuli_am2940, S_0xc95fc0;
    %join;
    %delay 20, 0;
    %movi 8, 2, 3;
    %set/v v0xc96130_0, 8, 3;
    %set/v v0xc95d30_0, 1, 1;
    %set/v v0xc960b0_0, 1, 1;
    %fork TD_test_am2940.stimuli_am2940, S_0xc95fc0;
    %join;
    %delay 20, 0;
    %set/v v0xc96130_0, 0, 3;
    %set/v v0xc95d30_0, 1, 1;
    %set/v v0xc960b0_0, 1, 1;
    %fork TD_test_am2940.stimuli_am2940, S_0xc95fc0;
    %join;
    %movi 8, 2, 8;
    %set/v v0xc965e0_0, 8, 8;
    %delay 20, 0;
    %movi 8, 1, 3;
    %set/v v0xc96130_0, 8, 3;
    %set/v v0xc95d30_0, 1, 1;
    %set/v v0xc960b0_0, 1, 1;
    %fork TD_test_am2940.stimuli_am2940, S_0xc95fc0;
    %join;
    %delay 20, 0;
    %movi 8, 138, 8;
    %set/v v0xc965e0_0, 8, 8;
    %movi 8, 5, 3;
    %set/v v0xc96130_0, 8, 3;
    %set/v v0xc95d30_0, 1, 1;
    %set/v v0xc960b0_0, 1, 1;
    %fork TD_test_am2940.stimuli_am2940, S_0xc95fc0;
    %join;
    %delay 20, 0;
    %movi 8, 3, 3;
    %set/v v0xc96130_0, 8, 3;
    %set/v v0xc95d30_0, 1, 1;
    %set/v v0xc960b0_0, 1, 1;
    %fork TD_test_am2940.stimuli_am2940, S_0xc95fc0;
    %join;
    %delay 20, 0;
    %movi 8, 97, 8;
    %set/v v0xc965e0_0, 8, 8;
    %movi 8, 6, 3;
    %set/v v0xc96130_0, 8, 3;
    %set/v v0xc95d30_0, 1, 1;
    %set/v v0xc960b0_0, 1, 1;
    %fork TD_test_am2940.stimuli_am2940, S_0xc95fc0;
    %join;
    %delay 20, 0;
    %movi 8, 2, 3;
    %set/v v0xc96130_0, 8, 3;
    %set/v v0xc95d30_0, 1, 1;
    %set/v v0xc960b0_0, 1, 1;
    %fork TD_test_am2940.stimuli_am2940, S_0xc95fc0;
    %join;
    %delay 20, 0;
    %set/v v0xc96130_0, 1, 3;
    %set/v v0xc95d30_0, 0, 1;
    %set/v v0xc960b0_0, 0, 1;
    %fork TD_test_am2940.stimuli_am2940, S_0xc95fc0;
    %join;
    %delay 60, 0;
    %movi 8, 4, 3;
    %set/v v0xc96130_0, 8, 3;
    %set/v v0xc95d30_0, 1, 1;
    %set/v v0xc960b0_0, 1, 1;
    %fork TD_test_am2940.stimuli_am2940, S_0xc95fc0;
    %join;
    %delay 20, 0;
    %movi 8, 3, 3;
    %set/v v0xc96130_0, 8, 3;
    %set/v v0xc95d30_0, 1, 1;
    %set/v v0xc960b0_0, 1, 1;
    %fork TD_test_am2940.stimuli_am2940, S_0xc95fc0;
    %join;
    %delay 20, 0;
    %movi 8, 2, 3;
    %set/v v0xc96130_0, 8, 3;
    %set/v v0xc95d30_0, 1, 1;
    %set/v v0xc960b0_0, 1, 1;
    %fork TD_test_am2940.stimuli_am2940, S_0xc95fc0;
    %join;
    %delay 20, 0;
    %set/v v0xc96130_0, 0, 3;
    %set/v v0xc95d30_0, 1, 1;
    %set/v v0xc960b0_0, 1, 1;
    %fork TD_test_am2940.stimuli_am2940, S_0xc95fc0;
    %join;
    %movi 8, 3, 8;
    %set/v v0xc965e0_0, 8, 8;
    %delay 20, 0;
    %movi 8, 1, 3;
    %set/v v0xc96130_0, 8, 3;
    %set/v v0xc95d30_0, 1, 1;
    %set/v v0xc960b0_0, 1, 1;
    %fork TD_test_am2940.stimuli_am2940, S_0xc95fc0;
    %join;
    %delay 20, 0;
    %movi 8, 138, 8;
    %set/v v0xc965e0_0, 8, 8;
    %movi 8, 5, 3;
    %set/v v0xc96130_0, 8, 3;
    %set/v v0xc95d30_0, 1, 1;
    %set/v v0xc960b0_0, 1, 1;
    %fork TD_test_am2940.stimuli_am2940, S_0xc95fc0;
    %join;
    %delay 20, 0;
    %movi 8, 3, 3;
    %set/v v0xc96130_0, 8, 3;
    %set/v v0xc95d30_0, 1, 1;
    %set/v v0xc960b0_0, 1, 1;
    %fork TD_test_am2940.stimuli_am2940, S_0xc95fc0;
    %join;
    %delay 20, 0;
    %movi 8, 253, 8;
    %set/v v0xc965e0_0, 8, 8;
    %movi 8, 6, 3;
    %set/v v0xc96130_0, 8, 3;
    %set/v v0xc95d30_0, 1, 1;
    %set/v v0xc960b0_0, 1, 1;
    %fork TD_test_am2940.stimuli_am2940, S_0xc95fc0;
    %join;
    %delay 20, 0;
    %movi 8, 2, 3;
    %set/v v0xc96130_0, 8, 3;
    %set/v v0xc95d30_0, 1, 1;
    %set/v v0xc960b0_0, 1, 1;
    %fork TD_test_am2940.stimuli_am2940, S_0xc95fc0;
    %join;
    %delay 20, 0;
    %set/v v0xc96130_0, 1, 3;
    %set/v v0xc95d30_0, 0, 1;
    %set/v v0xc960b0_0, 0, 1;
    %fork TD_test_am2940.stimuli_am2940, S_0xc95fc0;
    %join;
    %delay 60, 0;
    %movi 8, 4, 3;
    %set/v v0xc96130_0, 8, 3;
    %set/v v0xc95d30_0, 1, 1;
    %set/v v0xc960b0_0, 1, 1;
    %fork TD_test_am2940.stimuli_am2940, S_0xc95fc0;
    %join;
    %delay 20, 0;
    %movi 8, 3, 3;
    %set/v v0xc96130_0, 8, 3;
    %set/v v0xc95d30_0, 1, 1;
    %set/v v0xc960b0_0, 1, 1;
    %fork TD_test_am2940.stimuli_am2940, S_0xc95fc0;
    %join;
    %delay 20, 0;
    %movi 8, 2, 3;
    %set/v v0xc96130_0, 8, 3;
    %set/v v0xc95d30_0, 1, 1;
    %set/v v0xc960b0_0, 1, 1;
    %fork TD_test_am2940.stimuli_am2940, S_0xc95fc0;
    %join;
    %delay 20, 0;
    %set/v v0xc96130_0, 0, 3;
    %set/v v0xc95d30_0, 1, 1;
    %set/v v0xc960b0_0, 1, 1;
    %fork TD_test_am2940.stimuli_am2940, S_0xc95fc0;
    %join;
    %movi 8, 4, 8;
    %set/v v0xc965e0_0, 8, 8;
    %delay 20, 0;
    %movi 8, 1, 3;
    %set/v v0xc96130_0, 8, 3;
    %set/v v0xc95d30_0, 1, 1;
    %set/v v0xc960b0_0, 1, 1;
    %fork TD_test_am2940.stimuli_am2940, S_0xc95fc0;
    %join;
    %delay 20, 0;
    %movi 8, 138, 8;
    %set/v v0xc965e0_0, 8, 8;
    %movi 8, 5, 3;
    %set/v v0xc96130_0, 8, 3;
    %set/v v0xc95d30_0, 1, 1;
    %set/v v0xc960b0_0, 1, 1;
    %fork TD_test_am2940.stimuli_am2940, S_0xc95fc0;
    %join;
    %delay 20, 0;
    %movi 8, 3, 3;
    %set/v v0xc96130_0, 8, 3;
    %set/v v0xc95d30_0, 1, 1;
    %set/v v0xc960b0_0, 1, 1;
    %fork TD_test_am2940.stimuli_am2940, S_0xc95fc0;
    %join;
    %delay 20, 0;
    %movi 8, 97, 8;
    %set/v v0xc965e0_0, 8, 8;
    %movi 8, 6, 3;
    %set/v v0xc96130_0, 8, 3;
    %set/v v0xc95d30_0, 1, 1;
    %set/v v0xc960b0_0, 1, 1;
    %fork TD_test_am2940.stimuli_am2940, S_0xc95fc0;
    %join;
    %delay 20, 0;
    %movi 8, 2, 3;
    %set/v v0xc96130_0, 8, 3;
    %set/v v0xc95d30_0, 1, 1;
    %set/v v0xc960b0_0, 1, 1;
    %fork TD_test_am2940.stimuli_am2940, S_0xc95fc0;
    %join;
    %delay 20, 0;
    %set/v v0xc96130_0, 1, 3;
    %set/v v0xc95d30_0, 0, 1;
    %set/v v0xc960b0_0, 0, 1;
    %fork TD_test_am2940.stimuli_am2940, S_0xc95fc0;
    %join;
    %delay 60, 0;
    %movi 8, 4, 3;
    %set/v v0xc96130_0, 8, 3;
    %set/v v0xc95d30_0, 1, 1;
    %set/v v0xc960b0_0, 1, 1;
    %fork TD_test_am2940.stimuli_am2940, S_0xc95fc0;
    %join;
    %delay 20, 0;
    %movi 8, 3, 3;
    %set/v v0xc96130_0, 8, 3;
    %set/v v0xc95d30_0, 1, 1;
    %set/v v0xc960b0_0, 1, 1;
    %fork TD_test_am2940.stimuli_am2940, S_0xc95fc0;
    %join;
    %delay 20, 0;
    %movi 8, 2, 3;
    %set/v v0xc96130_0, 8, 3;
    %set/v v0xc95d30_0, 1, 1;
    %set/v v0xc960b0_0, 1, 1;
    %fork TD_test_am2940.stimuli_am2940, S_0xc95fc0;
    %join;
    %delay 20, 0;
    %set/v v0xc96130_0, 0, 3;
    %set/v v0xc95d30_0, 1, 1;
    %set/v v0xc960b0_0, 1, 1;
    %fork TD_test_am2940.stimuli_am2940, S_0xc95fc0;
    %join;
    %movi 8, 5, 8;
    %set/v v0xc965e0_0, 8, 8;
    %delay 20, 0;
    %movi 8, 1, 3;
    %set/v v0xc96130_0, 8, 3;
    %set/v v0xc95d30_0, 1, 1;
    %set/v v0xc960b0_0, 1, 1;
    %fork TD_test_am2940.stimuli_am2940, S_0xc95fc0;
    %join;
    %delay 20, 0;
    %movi 8, 138, 8;
    %set/v v0xc965e0_0, 8, 8;
    %movi 8, 5, 3;
    %set/v v0xc96130_0, 8, 3;
    %set/v v0xc95d30_0, 1, 1;
    %set/v v0xc960b0_0, 1, 1;
    %fork TD_test_am2940.stimuli_am2940, S_0xc95fc0;
    %join;
    %delay 20, 0;
    %movi 8, 3, 3;
    %set/v v0xc96130_0, 8, 3;
    %set/v v0xc95d30_0, 1, 1;
    %set/v v0xc960b0_0, 1, 1;
    %fork TD_test_am2940.stimuli_am2940, S_0xc95fc0;
    %join;
    %delay 20, 0;
    %movi 8, 97, 8;
    %set/v v0xc965e0_0, 8, 8;
    %movi 8, 6, 3;
    %set/v v0xc96130_0, 8, 3;
    %set/v v0xc95d30_0, 1, 1;
    %set/v v0xc960b0_0, 1, 1;
    %fork TD_test_am2940.stimuli_am2940, S_0xc95fc0;
    %join;
    %delay 20, 0;
    %movi 8, 2, 3;
    %set/v v0xc96130_0, 8, 3;
    %set/v v0xc95d30_0, 1, 1;
    %set/v v0xc960b0_0, 1, 1;
    %fork TD_test_am2940.stimuli_am2940, S_0xc95fc0;
    %join;
    %delay 20, 0;
    %set/v v0xc96130_0, 1, 3;
    %set/v v0xc95d30_0, 0, 1;
    %set/v v0xc960b0_0, 0, 1;
    %fork TD_test_am2940.stimuli_am2940, S_0xc95fc0;
    %join;
    %delay 60, 0;
    %movi 8, 4, 3;
    %set/v v0xc96130_0, 8, 3;
    %set/v v0xc95d30_0, 1, 1;
    %set/v v0xc960b0_0, 1, 1;
    %fork TD_test_am2940.stimuli_am2940, S_0xc95fc0;
    %join;
    %delay 20, 0;
    %movi 8, 3, 3;
    %set/v v0xc96130_0, 8, 3;
    %set/v v0xc95d30_0, 1, 1;
    %set/v v0xc960b0_0, 1, 1;
    %fork TD_test_am2940.stimuli_am2940, S_0xc95fc0;
    %join;
    %delay 20, 0;
    %movi 8, 2, 3;
    %set/v v0xc96130_0, 8, 3;
    %set/v v0xc95d30_0, 1, 1;
    %set/v v0xc960b0_0, 1, 1;
    %fork TD_test_am2940.stimuli_am2940, S_0xc95fc0;
    %join;
    %delay 20, 0;
    %set/v v0xc96130_0, 0, 3;
    %set/v v0xc95d30_0, 1, 1;
    %set/v v0xc960b0_0, 1, 1;
    %fork TD_test_am2940.stimuli_am2940, S_0xc95fc0;
    %join;
    %movi 8, 6, 8;
    %set/v v0xc965e0_0, 8, 8;
    %delay 20, 0;
    %movi 8, 1, 3;
    %set/v v0xc96130_0, 8, 3;
    %set/v v0xc95d30_0, 1, 1;
    %set/v v0xc960b0_0, 1, 1;
    %fork TD_test_am2940.stimuli_am2940, S_0xc95fc0;
    %join;
    %delay 20, 0;
    %movi 8, 138, 8;
    %set/v v0xc965e0_0, 8, 8;
    %movi 8, 5, 3;
    %set/v v0xc96130_0, 8, 3;
    %set/v v0xc95d30_0, 1, 1;
    %set/v v0xc960b0_0, 1, 1;
    %fork TD_test_am2940.stimuli_am2940, S_0xc95fc0;
    %join;
    %delay 20, 0;
    %movi 8, 3, 3;
    %set/v v0xc96130_0, 8, 3;
    %set/v v0xc95d30_0, 1, 1;
    %set/v v0xc960b0_0, 1, 1;
    %fork TD_test_am2940.stimuli_am2940, S_0xc95fc0;
    %join;
    %delay 20, 0;
    %movi 8, 97, 8;
    %set/v v0xc965e0_0, 8, 8;
    %movi 8, 6, 3;
    %set/v v0xc96130_0, 8, 3;
    %set/v v0xc95d30_0, 1, 1;
    %set/v v0xc960b0_0, 1, 1;
    %fork TD_test_am2940.stimuli_am2940, S_0xc95fc0;
    %join;
    %delay 20, 0;
    %movi 8, 2, 3;
    %set/v v0xc96130_0, 8, 3;
    %set/v v0xc95d30_0, 1, 1;
    %set/v v0xc960b0_0, 1, 1;
    %fork TD_test_am2940.stimuli_am2940, S_0xc95fc0;
    %join;
    %delay 20, 0;
    %set/v v0xc96130_0, 1, 3;
    %set/v v0xc95d30_0, 0, 1;
    %set/v v0xc960b0_0, 0, 1;
    %fork TD_test_am2940.stimuli_am2940, S_0xc95fc0;
    %join;
    %delay 60, 0;
    %movi 8, 4, 3;
    %set/v v0xc96130_0, 8, 3;
    %set/v v0xc95d30_0, 1, 1;
    %set/v v0xc960b0_0, 1, 1;
    %fork TD_test_am2940.stimuli_am2940, S_0xc95fc0;
    %join;
    %delay 20, 0;
    %movi 8, 3, 3;
    %set/v v0xc96130_0, 8, 3;
    %set/v v0xc95d30_0, 1, 1;
    %set/v v0xc960b0_0, 1, 1;
    %fork TD_test_am2940.stimuli_am2940, S_0xc95fc0;
    %join;
    %delay 20, 0;
    %movi 8, 2, 3;
    %set/v v0xc96130_0, 8, 3;
    %set/v v0xc95d30_0, 1, 1;
    %set/v v0xc960b0_0, 1, 1;
    %fork TD_test_am2940.stimuli_am2940, S_0xc95fc0;
    %join;
    %delay 20, 0;
    %set/v v0xc96130_0, 0, 3;
    %set/v v0xc95d30_0, 1, 1;
    %set/v v0xc960b0_0, 1, 1;
    %fork TD_test_am2940.stimuli_am2940, S_0xc95fc0;
    %join;
    %movi 8, 7, 8;
    %set/v v0xc965e0_0, 8, 8;
    %delay 20, 0;
    %movi 8, 1, 3;
    %set/v v0xc96130_0, 8, 3;
    %set/v v0xc95d30_0, 1, 1;
    %set/v v0xc960b0_0, 1, 1;
    %fork TD_test_am2940.stimuli_am2940, S_0xc95fc0;
    %join;
    %delay 20, 0;
    %movi 8, 138, 8;
    %set/v v0xc965e0_0, 8, 8;
    %movi 8, 5, 3;
    %set/v v0xc96130_0, 8, 3;
    %set/v v0xc95d30_0, 1, 1;
    %set/v v0xc960b0_0, 1, 1;
    %fork TD_test_am2940.stimuli_am2940, S_0xc95fc0;
    %join;
    %delay 20, 0;
    %movi 8, 3, 3;
    %set/v v0xc96130_0, 8, 3;
    %set/v v0xc95d30_0, 1, 1;
    %set/v v0xc960b0_0, 1, 1;
    %fork TD_test_am2940.stimuli_am2940, S_0xc95fc0;
    %join;
    %delay 20, 0;
    %movi 8, 97, 8;
    %set/v v0xc965e0_0, 8, 8;
    %movi 8, 6, 3;
    %set/v v0xc96130_0, 8, 3;
    %set/v v0xc95d30_0, 1, 1;
    %set/v v0xc960b0_0, 1, 1;
    %fork TD_test_am2940.stimuli_am2940, S_0xc95fc0;
    %join;
    %delay 20, 0;
    %movi 8, 2, 3;
    %set/v v0xc96130_0, 8, 3;
    %set/v v0xc95d30_0, 1, 1;
    %set/v v0xc960b0_0, 1, 1;
    %fork TD_test_am2940.stimuli_am2940, S_0xc95fc0;
    %join;
    %delay 20, 0;
    %set/v v0xc96130_0, 1, 3;
    %set/v v0xc95d30_0, 0, 1;
    %set/v v0xc960b0_0, 0, 1;
    %fork TD_test_am2940.stimuli_am2940, S_0xc95fc0;
    %join;
    %delay 60, 0;
    %movi 8, 4, 3;
    %set/v v0xc96130_0, 8, 3;
    %set/v v0xc95d30_0, 1, 1;
    %set/v v0xc960b0_0, 1, 1;
    %fork TD_test_am2940.stimuli_am2940, S_0xc95fc0;
    %join;
    %delay 20, 0;
    %movi 8, 3, 3;
    %set/v v0xc96130_0, 8, 3;
    %set/v v0xc95d30_0, 1, 1;
    %set/v v0xc960b0_0, 1, 1;
    %fork TD_test_am2940.stimuli_am2940, S_0xc95fc0;
    %join;
    %delay 20, 0;
    %movi 8, 2, 3;
    %set/v v0xc96130_0, 8, 3;
    %set/v v0xc95d30_0, 1, 1;
    %set/v v0xc960b0_0, 1, 1;
    %fork TD_test_am2940.stimuli_am2940, S_0xc95fc0;
    %join;
    %end;
    .thread T_14;
    .scope S_0xc16ad0;
T_15 ;
    %delay 2500, 0;
    %vpi_call 2 324 "$finish";
    %end;
    .thread T_15;
    .scope S_0xc16ad0;
T_16 ;
    %vpi_call 2 329 "$dumpfile", "dump.vcd";
    %vpi_call 2 330 "$dumpvars", 1'sb0, S_0xc1af20;
    %end;
    .thread T_16;
# The file index is used to find the file name in the following table.
:file_names 4;
    "N/A";
    "<interactive>";
    "testbench.sv";
    "design.sv";
